D:\CODE\PROJECTS\MINEFIELD\VCPP\MINEFIELD\RELEASE\PLAYER.OBJ
D:\CODE\PROJECTS\MINEFIELD\VCPP\MINEFIELD\RELEASE\PAUSEMENU.OBJ
D:\CODE\PROJECTS\MINEFIELD\VCPP\MINEFIELD\RELEASE\NUMERICTILE.OBJ
D:\CODE\PROJECTS\MINEFIELD\VCPP\MINEFIELD\RELEASE\MINE.OBJ
D:\CODE\PROJECTS\MINEFIELD\VCPP\MINEFIELD\RELEASE\MENUITEM.OBJ
D:\CODE\PROJECTS\MINEFIELD\VCPP\MINEFIELD\RELEASE\MENU.OBJ
D:\CODE\PROJECTS\MINEFIELD\VCPP\MINEFIELD\RELEASE\MAIN.OBJ
D:\CODE\PROJECTS\MINEFIELD\VCPP\MINEFIELD\RELEASE\ITEM.OBJ
D:\CODE\PROJECTS\MINEFIELD\VCPP\MINEFIELD\RELEASE\GAMESETTINGS.OBJ
D:\CODE\PROJECTS\MINEFIELD\VCPP\MINEFIELD\RELEASE\GAMEOPTIONSMENU.OBJ
D:\CODE\PROJECTS\MINEFIELD\VCPP\MINEFIELD\RELEASE\GAMEOPTIONS.OBJ
D:\CODE\PROJECTS\MINEFIELD\VCPP\MINEFIELD\RELEASE\GAMELOGIC.OBJ
D:\CODE\PROJECTS\MINEFIELD\VCPP\MINEFIELD\RELEASE\EXIT.OBJ
D:\CODE\PROJECTS\MINEFIELD\VCPP\MINEFIELD\RELEASE\CTEXTENTITY.OBJ
D:\CODE\PROJECTS\MINEFIELD\VCPP\MINEFIELD\RELEASE\CSPRITE.OBJ
D:\CODE\PROJECTS\MINEFIELD\VCPP\MINEFIELD\RELEASE\CREDITSMENU.OBJ
D:\CODE\PROJECTS\MINEFIELD\VCPP\MINEFIELD\RELEASE\COUNTER.OBJ
D:\CODE\PROJECTS\MINEFIELD\VCPP\MINEFIELD\RELEASE\COLLECTABLE.OBJ
D:\CODE\PROJECTS\MINEFIELD\VCPP\MINEFIELD\RELEASE\CLOUDS.OBJ
D:\CODE\PROJECTS\MINEFIELD\VCPP\MINEFIELD\RELEASE\APPLICATION.OBJ
D:\CODE\PROJECTS\MINEFIELD\VCPP\MINEFIELD\RELEASE\ZOMBIE.OBJ
D:\CODE\PROJECTS\MINEFIELD\VCPP\MINEFIELD\RELEASE\THROWABLE.OBJ
D:\CODE\PROJECTS\MINEFIELD\VCPP\MINEFIELD\RELEASE\STARTMENU.OBJ
D:\CODE\PROJECTS\MINEFIELD\VCPP\MINEFIELD\RELEASE\SOUNDFX.OBJ
D:\CODE\PROJECTS\MINEFIELD\VCPP\MINEFIELD\RELEASE\SOIL.OBJ
D:\CODE\PROJECTS\MINEFIELD\VCPP\MINEFIELD\RELEASE\SETTINGSMENU.OBJ
D:\CODE\PROJECTS\MINEFIELD\VCPP\MINEFIELD\RELEASE\PROGRESSBAR.OBJ
D:\CODE\PROJECTS\MINEFIELD\VCPP\MINEFIELD\RELEASE\VC110.PDB
D:\CODE\PROJECTS\MINEFIELD\MINEFIELD.EXE
D:\CODE\PROJECTS\MINEFIELD\MINEFIELD.PDB
D:\Code\projects\minefield\vcpp\Minefield\Release\Application.obj
D:\Code\projects\minefield\vcpp\Minefield\Release\Clouds.obj
D:\Code\projects\minefield\vcpp\Minefield\Release\Collectable.obj
D:\Code\projects\minefield\vcpp\Minefield\Release\Counter.obj
D:\Code\projects\minefield\vcpp\Minefield\Release\CreditsMenu.obj
D:\Code\projects\minefield\vcpp\Minefield\Release\CSprite.obj
D:\Code\projects\minefield\vcpp\Minefield\Release\CTextEntity.obj
D:\Code\projects\minefield\vcpp\Minefield\Release\Exit.obj
D:\Code\projects\minefield\vcpp\Minefield\Release\GameLogic.obj
D:\Code\projects\minefield\vcpp\Minefield\Release\GameOptions.obj
D:\Code\projects\minefield\vcpp\Minefield\Release\GameOptionsMenu.obj
D:\Code\projects\minefield\vcpp\Minefield\Release\GameSettings.obj
D:\Code\projects\minefield\vcpp\Minefield\Release\Item.obj
D:\Code\projects\minefield\vcpp\Minefield\Release\main.obj
D:\Code\projects\minefield\vcpp\Minefield\Release\Menu.obj
D:\Code\projects\minefield\vcpp\Minefield\Release\MenuItem.obj
D:\Code\projects\minefield\vcpp\Minefield\Release\Mine.obj
D:\Code\projects\minefield\vcpp\Minefield\Release\NumericTile.obj
D:\Code\projects\minefield\vcpp\Minefield\Release\PauseMenu.obj
D:\Code\projects\minefield\vcpp\Minefield\Release\Player.obj
D:\Code\projects\minefield\vcpp\Minefield\Release\ProgressBar.obj
D:\Code\projects\minefield\vcpp\Minefield\Release\SettingsMenu.obj
D:\Code\projects\minefield\vcpp\Minefield\Release\Soil.obj
D:\Code\projects\minefield\vcpp\Minefield\Release\SoundFx.obj
D:\Code\projects\minefield\vcpp\Minefield\Release\StartMenu.obj
D:\Code\projects\minefield\vcpp\Minefield\Release\Throwable.obj
D:\Code\projects\minefield\vcpp\Minefield\Release\Zombie.obj
D:\Code\projects\minefield\vcpp\Minefield\Release\cl.command.1.tlog
D:\Code\projects\minefield\vcpp\Minefield\Release\CL.read.1.tlog
D:\Code\projects\minefield\vcpp\Minefield\Release\CL.write.1.tlog
D:\Code\projects\minefield\vcpp\Minefield\Release\link-cvtres.read.1.tlog
D:\Code\projects\minefield\vcpp\Minefield\Release\link-cvtres.write.1.tlog
D:\Code\projects\minefield\vcpp\Minefield\Release\link-rc.read.1.tlog
D:\Code\projects\minefield\vcpp\Minefield\Release\link-rc.write.1.tlog
D:\Code\projects\minefield\vcpp\Minefield\Release\link.command.1.tlog
D:\Code\projects\minefield\vcpp\Minefield\Release\link.read.1.tlog
D:\Code\projects\minefield\vcpp\Minefield\Release\link.write.1.tlog
D:\Code\projects\minefield\vcpp\Minefield\Release\vc110.pdb
D:\Code\projects\minefield\vcpp\Minefield\..\..\Minefield.exe
