D:\CODE\PROJECTS\MINEFIELD\VCPP\MINEFIELD\DEBUG\EXIT.OBJ
D:\CODE\PROJECTS\MINEFIELD\VCPP\MINEFIELD\DEBUG\GAMELOGIC.OBJ
D:\CODE\PROJECTS\MINEFIELD\VCPP\MINEFIELD\DEBUG\GAMEOPTIONS.OBJ
D:\CODE\PROJECTS\MINEFIELD\VCPP\MINEFIELD\DEBUG\GAMEOPTIONSMENU.OBJ
D:\CODE\PROJECTS\MINEFIELD\VCPP\MINEFIELD\DEBUG\GAMESETTINGS.OBJ
D:\CODE\PROJECTS\MINEFIELD\VCPP\MINEFIELD\DEBUG\ITEM.OBJ
D:\CODE\PROJECTS\MINEFIELD\VCPP\MINEFIELD\DEBUG\MAIN.OBJ
D:\CODE\PROJECTS\MINEFIELD\VCPP\MINEFIELD\DEBUG\MENU.OBJ
D:\CODE\PROJECTS\MINEFIELD\VCPP\MINEFIELD\DEBUG\MENUITEM.OBJ
D:\CODE\PROJECTS\MINEFIELD\VCPP\MINEFIELD\DEBUG\MINE.OBJ
D:\CODE\PROJECTS\MINEFIELD\VCPP\MINEFIELD\DEBUG\NUMERICTILE.OBJ
D:\CODE\PROJECTS\MINEFIELD\VCPP\MINEFIELD\DEBUG\PAUSEMENU.OBJ
D:\CODE\PROJECTS\MINEFIELD\VCPP\MINEFIELD\DEBUG\PLAYER.OBJ
D:\CODE\PROJECTS\MINEFIELD\VCPP\MINEFIELD\DEBUG\PROGRESSBAR.OBJ
D:\CODE\PROJECTS\MINEFIELD\VCPP\MINEFIELD\DEBUG\SETTINGSMENU.OBJ
D:\CODE\PROJECTS\MINEFIELD\VCPP\MINEFIELD\DEBUG\SOIL.OBJ
D:\CODE\PROJECTS\MINEFIELD\VCPP\MINEFIELD\DEBUG\SOUNDFX.OBJ
D:\CODE\PROJECTS\MINEFIELD\VCPP\MINEFIELD\DEBUG\STARTMENU.OBJ
D:\CODE\PROJECTS\MINEFIELD\VCPP\MINEFIELD\DEBUG\THROWABLE.OBJ
D:\CODE\PROJECTS\MINEFIELD\VCPP\MINEFIELD\DEBUG\ZOMBIE.OBJ
D:\CODE\PROJECTS\MINEFIELD\VCPP\MINEFIELD\DEBUG\APPLICATION.OBJ
D:\CODE\PROJECTS\MINEFIELD\VCPP\MINEFIELD\DEBUG\CLOUDS.OBJ
D:\CODE\PROJECTS\MINEFIELD\VCPP\MINEFIELD\DEBUG\COLLECTABLE.OBJ
D:\CODE\PROJECTS\MINEFIELD\VCPP\MINEFIELD\DEBUG\COUNTER.OBJ
D:\CODE\PROJECTS\MINEFIELD\VCPP\MINEFIELD\DEBUG\CREDITSMENU.OBJ
D:\CODE\PROJECTS\MINEFIELD\VCPP\MINEFIELD\DEBUG\CSPRITE.OBJ
D:\CODE\PROJECTS\MINEFIELD\VCPP\MINEFIELD\DEBUG\CTEXTENTITY.OBJ
D:\CODE\PROJECTS\MINEFIELD\VCPP\MINEFIELD\DEBUG\VC110.PDB
D:\CODE\PROJECTS\MINEFIELD\MINEFIELD.ILK
D:\CODE\PROJECTS\MINEFIELD\MINEFIELD.EXE
D:\CODE\PROJECTS\MINEFIELD\MINEFIELD.PDB
D:\Code\projects\minefield\vcpp\Minefield\Debug\Application.obj
D:\Code\projects\minefield\vcpp\Minefield\Debug\Clouds.obj
D:\Code\projects\minefield\vcpp\Minefield\Debug\Collectable.obj
D:\Code\projects\minefield\vcpp\Minefield\Debug\Counter.obj
D:\Code\projects\minefield\vcpp\Minefield\Debug\CreditsMenu.obj
D:\Code\projects\minefield\vcpp\Minefield\Debug\CSprite.obj
D:\Code\projects\minefield\vcpp\Minefield\Debug\CTextEntity.obj
D:\Code\projects\minefield\vcpp\Minefield\Debug\Exit.obj
D:\Code\projects\minefield\vcpp\Minefield\Debug\GameLogic.obj
D:\Code\projects\minefield\vcpp\Minefield\Debug\GameOptions.obj
D:\Code\projects\minefield\vcpp\Minefield\Debug\GameOptionsMenu.obj
D:\Code\projects\minefield\vcpp\Minefield\Debug\GameSettings.obj
D:\Code\projects\minefield\vcpp\Minefield\Debug\Item.obj
D:\Code\projects\minefield\vcpp\Minefield\Debug\main.obj
D:\Code\projects\minefield\vcpp\Minefield\Debug\Menu.obj
D:\Code\projects\minefield\vcpp\Minefield\Debug\MenuItem.obj
D:\Code\projects\minefield\vcpp\Minefield\Debug\Mine.obj
D:\Code\projects\minefield\vcpp\Minefield\Debug\NumericTile.obj
D:\Code\projects\minefield\vcpp\Minefield\Debug\PauseMenu.obj
D:\Code\projects\minefield\vcpp\Minefield\Debug\Player.obj
D:\Code\projects\minefield\vcpp\Minefield\Debug\ProgressBar.obj
D:\Code\projects\minefield\vcpp\Minefield\Debug\SettingsMenu.obj
D:\Code\projects\minefield\vcpp\Minefield\Debug\Soil.obj
D:\Code\projects\minefield\vcpp\Minefield\Debug\SoundFx.obj
D:\Code\projects\minefield\vcpp\Minefield\Debug\StartMenu.obj
D:\Code\projects\minefield\vcpp\Minefield\Debug\Throwable.obj
D:\Code\projects\minefield\vcpp\Minefield\Debug\Zombie.obj
D:\Code\projects\minefield\vcpp\Minefield\Debug\cl.command.1.tlog
D:\Code\projects\minefield\vcpp\Minefield\Debug\CL.read.1.tlog
D:\Code\projects\minefield\vcpp\Minefield\Debug\CL.write.1.tlog
D:\Code\projects\minefield\vcpp\Minefield\Debug\link.2392-cvtres.read.1.tlog
D:\Code\projects\minefield\vcpp\Minefield\Debug\link.2392-cvtres.write.1.tlog
D:\Code\projects\minefield\vcpp\Minefield\Debug\link.2392-rc.read.1.tlog
D:\Code\projects\minefield\vcpp\Minefield\Debug\link.2392-rc.write.1.tlog
D:\Code\projects\minefield\vcpp\Minefield\Debug\link.2392.read.1.tlog
D:\Code\projects\minefield\vcpp\Minefield\Debug\link.2392.write.1.tlog
D:\Code\projects\minefield\vcpp\Minefield\Debug\link.2828-cvtres.read.1.tlog
D:\Code\projects\minefield\vcpp\Minefield\Debug\link.2828-cvtres.write.1.tlog
D:\Code\projects\minefield\vcpp\Minefield\Debug\link.2828-rc.read.1.tlog
D:\Code\projects\minefield\vcpp\Minefield\Debug\link.2828-rc.write.1.tlog
D:\Code\projects\minefield\vcpp\Minefield\Debug\link.2828.read.1.tlog
D:\Code\projects\minefield\vcpp\Minefield\Debug\link.2828.write.1.tlog
D:\Code\projects\minefield\vcpp\Minefield\Debug\link.3564-cvtres.read.1.tlog
D:\Code\projects\minefield\vcpp\Minefield\Debug\link.3564-cvtres.write.1.tlog
D:\Code\projects\minefield\vcpp\Minefield\Debug\link.3564-rc.read.1.tlog
D:\Code\projects\minefield\vcpp\Minefield\Debug\link.3564-rc.write.1.tlog
D:\Code\projects\minefield\vcpp\Minefield\Debug\link.3564.read.1.tlog
D:\Code\projects\minefield\vcpp\Minefield\Debug\link.3564.write.1.tlog
D:\Code\projects\minefield\vcpp\Minefield\Debug\link.3988-cvtres.read.1.tlog
D:\Code\projects\minefield\vcpp\Minefield\Debug\link.3988-cvtres.write.1.tlog
D:\Code\projects\minefield\vcpp\Minefield\Debug\link.3988-rc.read.1.tlog
D:\Code\projects\minefield\vcpp\Minefield\Debug\link.3988-rc.write.1.tlog
D:\Code\projects\minefield\vcpp\Minefield\Debug\link.3988.read.1.tlog
D:\Code\projects\minefield\vcpp\Minefield\Debug\link.3988.write.1.tlog
D:\Code\projects\minefield\vcpp\Minefield\Debug\link.4420-cvtres.read.1.tlog
D:\Code\projects\minefield\vcpp\Minefield\Debug\link.4420-cvtres.write.1.tlog
D:\Code\projects\minefield\vcpp\Minefield\Debug\link.4420-rc.read.1.tlog
D:\Code\projects\minefield\vcpp\Minefield\Debug\link.4420-rc.write.1.tlog
D:\Code\projects\minefield\vcpp\Minefield\Debug\link.4420.read.1.tlog
D:\Code\projects\minefield\vcpp\Minefield\Debug\link.4420.write.1.tlog
D:\Code\projects\minefield\vcpp\Minefield\Debug\link.5892-cvtres.read.1.tlog
D:\Code\projects\minefield\vcpp\Minefield\Debug\link.5892-cvtres.write.1.tlog
D:\Code\projects\minefield\vcpp\Minefield\Debug\link.5892-rc.read.1.tlog
D:\Code\projects\minefield\vcpp\Minefield\Debug\link.5892-rc.write.1.tlog
D:\Code\projects\minefield\vcpp\Minefield\Debug\link.5892.read.1.tlog
D:\Code\projects\minefield\vcpp\Minefield\Debug\link.5892.write.1.tlog
D:\Code\projects\minefield\vcpp\Minefield\Debug\link.6136-cvtres.read.1.tlog
D:\Code\projects\minefield\vcpp\Minefield\Debug\link.6136-cvtres.write.1.tlog
D:\Code\projects\minefield\vcpp\Minefield\Debug\link.6136-rc.read.1.tlog
D:\Code\projects\minefield\vcpp\Minefield\Debug\link.6136-rc.write.1.tlog
D:\Code\projects\minefield\vcpp\Minefield\Debug\link.6136.read.1.tlog
D:\Code\projects\minefield\vcpp\Minefield\Debug\link.6136.write.1.tlog
D:\Code\projects\minefield\vcpp\Minefield\Debug\link.command.1.tlog
D:\Code\projects\minefield\vcpp\Minefield\Debug\link.read.1.tlog
D:\Code\projects\minefield\vcpp\Minefield\Debug\link.write.1.tlog
D:\Code\projects\minefield\vcpp\Minefield\Debug\vc110.idb
D:\Code\projects\minefield\vcpp\Minefield\Debug\vc110.pdb
D:\Code\projects\minefield\vcpp\Minefield\..\..\Minefield.exe
